2020-06-08, 11:48:30
Home : DESKTOP-JTIKDJQ (4aa311d66aca05276f7c6bae62a5a66825ea3c8a)
Windows 10  (10.0.0) 64bit
12 AMD Ryzen 5 1600 Six-Core Processor , 16333MB
NVIDIA GeForce GTX 1660 Ti

2020-06-09, 05:28:24
Home : DESKTOP-JTIKDJQ (4aa311d66aca05276f7c6bae62a5a66825ea3c8a)
Windows 10  (10.0.0) 64bit
12 AMD Ryzen 5 1600 Six-Core Processor , 16333MB
NVIDIA GeForce GTX 1660 Ti

2020-06-09, 05:37:31
Home : DESKTOP-JTIKDJQ (4aa311d66aca05276f7c6bae62a5a66825ea3c8a)
Windows 10  (10.0.0) 64bit
12 AMD Ryzen 5 1600 Six-Core Processor , 16333MB
NVIDIA GeForce GTX 1660 Ti

2020-06-09, 05:37:49
Home : DESKTOP-JTIKDJQ (4aa311d66aca05276f7c6bae62a5a66825ea3c8a)
Windows 10  (10.0.0) 64bit
12 AMD Ryzen 5 1600 Six-Core Processor , 16333MB
NVIDIA GeForce GTX 1660 Ti

2020-06-09, 05:38:12
Home : DESKTOP-JTIKDJQ (4aa311d66aca05276f7c6bae62a5a66825ea3c8a)
Windows 10  (10.0.0) 64bit
12 AMD Ryzen 5 1600 Six-Core Processor , 16333MB
NVIDIA GeForce GTX 1660 Ti

2020-06-09, 05:38:50
Home : DESKTOP-JTIKDJQ (4aa311d66aca05276f7c6bae62a5a66825ea3c8a)
Windows 10  (10.0.0) 64bit
12 AMD Ryzen 5 1600 Six-Core Processor , 16333MB
NVIDIA GeForce GTX 1660 Ti

2020-06-09, 05:40:24
Home : DESKTOP-JTIKDJQ (4aa311d66aca05276f7c6bae62a5a66825ea3c8a)
Windows 10  (10.0.0) 64bit
12 AMD Ryzen 5 1600 Six-Core Processor , 16333MB
NVIDIA GeForce GTX 1660 Ti

2020-06-09, 05:43:18
Home : DESKTOP-JTIKDJQ (4aa311d66aca05276f7c6bae62a5a66825ea3c8a)
Windows 10  (10.0.0) 64bit
12 AMD Ryzen 5 1600 Six-Core Processor , 16333MB
NVIDIA GeForce GTX 1660 Ti

2020-06-09, 06:36:01
Home : DESKTOP-JTIKDJQ (4aa311d66aca05276f7c6bae62a5a66825ea3c8a)
Windows 10  (10.0.0) 64bit
12 AMD Ryzen 5 1600 Six-Core Processor , 16333MB
NVIDIA GeForce GTX 1660 Ti

2020-06-09, 06:40:25
Home : DESKTOP-JTIKDJQ (4aa311d66aca05276f7c6bae62a5a66825ea3c8a)
Windows 10  (10.0.0) 64bit
12 AMD Ryzen 5 1600 Six-Core Processor , 16333MB
NVIDIA GeForce GTX 1660 Ti

2020-06-09, 06:40:39
Home : DESKTOP-JTIKDJQ (4aa311d66aca05276f7c6bae62a5a66825ea3c8a)
Windows 10  (10.0.0) 64bit
12 AMD Ryzen 5 1600 Six-Core Processor , 16333MB
NVIDIA GeForce GTX 1660 Ti

2020-06-09, 06:41:00
Home : DESKTOP-JTIKDJQ (4aa311d66aca05276f7c6bae62a5a66825ea3c8a)
Windows 10  (10.0.0) 64bit
12 AMD Ryzen 5 1600 Six-Core Processor , 16333MB
NVIDIA GeForce GTX 1660 Ti

2020-06-09, 06:43:47
Home : DESKTOP-JTIKDJQ (4aa311d66aca05276f7c6bae62a5a66825ea3c8a)
Windows 10  (10.0.0) 64bit
12 AMD Ryzen 5 1600 Six-Core Processor , 16333MB
NVIDIA GeForce GTX 1660 Ti

2020-06-09, 06:44:58
Home : DESKTOP-JTIKDJQ (4aa311d66aca05276f7c6bae62a5a66825ea3c8a)
Windows 10  (10.0.0) 64bit
12 AMD Ryzen 5 1600 Six-Core Processor , 16333MB
NVIDIA GeForce GTX 1660 Ti

2020-06-10, 04:46:32
Home : DESKTOP-JTIKDJQ (4aa311d66aca05276f7c6bae62a5a66825ea3c8a)
Windows 10  (10.0.0) 64bit
12 AMD Ryzen 5 1600 Six-Core Processor , 16333MB
NVIDIA GeForce GTX 1660 Ti

2020-06-10, 04:46:49
Home : DESKTOP-JTIKDJQ (4aa311d66aca05276f7c6bae62a5a66825ea3c8a)
Windows 10  (10.0.0) 64bit
12 AMD Ryzen 5 1600 Six-Core Processor , 16333MB
NVIDIA GeForce GTX 1660 Ti

2020-06-10, 05:08:14
Home : DESKTOP-JTIKDJQ (4aa311d66aca05276f7c6bae62a5a66825ea3c8a)
Windows 10  (10.0.0) 64bit
12 AMD Ryzen 5 1600 Six-Core Processor , 16333MB
NVIDIA GeForce GTX 1660 Ti

2020-06-10, 05:08:27
Home : DESKTOP-JTIKDJQ (4aa311d66aca05276f7c6bae62a5a66825ea3c8a)
Windows 10  (10.0.0) 64bit
12 AMD Ryzen 5 1600 Six-Core Processor , 16333MB
NVIDIA GeForce GTX 1660 Ti

2020-06-10, 05:38:30
Home : DESKTOP-JTIKDJQ (4aa311d66aca05276f7c6bae62a5a66825ea3c8a)
Windows 10  (10.0.0) 64bit
12 AMD Ryzen 5 1600 Six-Core Processor , 16333MB
NVIDIA GeForce GTX 1660 Ti

2020-06-10, 05:39:03
Home : DESKTOP-JTIKDJQ (4aa311d66aca05276f7c6bae62a5a66825ea3c8a)
Windows 10  (10.0.0) 64bit
12 AMD Ryzen 5 1600 Six-Core Processor , 16333MB
NVIDIA GeForce GTX 1660 Ti

2020-06-10, 05:47:20
Home : DESKTOP-JTIKDJQ (4aa311d66aca05276f7c6bae62a5a66825ea3c8a)
Windows 10  (10.0.0) 64bit
12 AMD Ryzen 5 1600 Six-Core Processor , 16333MB
NVIDIA GeForce GTX 1660 Ti

2020-06-10, 05:49:32
Home : DESKTOP-JTIKDJQ (4aa311d66aca05276f7c6bae62a5a66825ea3c8a)
Windows 10  (10.0.0) 64bit
12 AMD Ryzen 5 1600 Six-Core Processor , 16333MB
NVIDIA GeForce GTX 1660 Ti

2020-06-10, 05:51:05
Home : DESKTOP-JTIKDJQ (4aa311d66aca05276f7c6bae62a5a66825ea3c8a)
Windows 10  (10.0.0) 64bit
12 AMD Ryzen 5 1600 Six-Core Processor , 16333MB
NVIDIA GeForce GTX 1660 Ti

2020-06-10, 06:03:48
Home : DESKTOP-JTIKDJQ (4aa311d66aca05276f7c6bae62a5a66825ea3c8a)
Windows 10  (10.0.0) 64bit
12 AMD Ryzen 5 1600 Six-Core Processor , 16333MB
NVIDIA GeForce GTX 1660 Ti

2020-06-10, 06:11:55
Home : DESKTOP-JTIKDJQ (4aa311d66aca05276f7c6bae62a5a66825ea3c8a)
Windows 10  (10.0.0) 64bit
12 AMD Ryzen 5 1600 Six-Core Processor , 16333MB
NVIDIA GeForce GTX 1660 Ti

2020-06-10, 06:12:09
Home : DESKTOP-JTIKDJQ (4aa311d66aca05276f7c6bae62a5a66825ea3c8a)
Windows 10  (10.0.0) 64bit
12 AMD Ryzen 5 1600 Six-Core Processor , 16333MB
NVIDIA GeForce GTX 1660 Ti

2020-06-10, 06:12:52
Home : DESKTOP-JTIKDJQ (4aa311d66aca05276f7c6bae62a5a66825ea3c8a)
Windows 10  (10.0.0) 64bit
12 AMD Ryzen 5 1600 Six-Core Processor , 16333MB
NVIDIA GeForce GTX 1660 Ti

2020-06-10, 06:13:15
Home : DESKTOP-JTIKDJQ (4aa311d66aca05276f7c6bae62a5a66825ea3c8a)
Windows 10  (10.0.0) 64bit
12 AMD Ryzen 5 1600 Six-Core Processor , 16333MB
NVIDIA GeForce GTX 1660 Ti

2020-06-10, 06:14:09
Home : DESKTOP-JTIKDJQ (4aa311d66aca05276f7c6bae62a5a66825ea3c8a)
Windows 10  (10.0.0) 64bit
12 AMD Ryzen 5 1600 Six-Core Processor , 16333MB
NVIDIA GeForce GTX 1660 Ti

2020-06-10, 06:14:48
Home : DESKTOP-JTIKDJQ (4aa311d66aca05276f7c6bae62a5a66825ea3c8a)
Windows 10  (10.0.0) 64bit
12 AMD Ryzen 5 1600 Six-Core Processor , 16333MB
NVIDIA GeForce GTX 1660 Ti

2020-06-10, 06:14:58
Home : DESKTOP-JTIKDJQ (4aa311d66aca05276f7c6bae62a5a66825ea3c8a)
Windows 10  (10.0.0) 64bit
12 AMD Ryzen 5 1600 Six-Core Processor , 16333MB
NVIDIA GeForce GTX 1660 Ti

2020-06-10, 06:15:29
Home : DESKTOP-JTIKDJQ (4aa311d66aca05276f7c6bae62a5a66825ea3c8a)
Windows 10  (10.0.0) 64bit
12 AMD Ryzen 5 1600 Six-Core Processor , 16333MB
NVIDIA GeForce GTX 1660 Ti

2020-06-10, 06:23:12
Home : DESKTOP-JTIKDJQ (4aa311d66aca05276f7c6bae62a5a66825ea3c8a)
Windows 10  (10.0.0) 64bit
12 AMD Ryzen 5 1600 Six-Core Processor , 16333MB
NVIDIA GeForce GTX 1660 Ti

2020-06-10, 06:23:53
Home : DESKTOP-JTIKDJQ (4aa311d66aca05276f7c6bae62a5a66825ea3c8a)
Windows 10  (10.0.0) 64bit
12 AMD Ryzen 5 1600 Six-Core Processor , 16333MB
NVIDIA GeForce GTX 1660 Ti

2020-06-10, 06:24:10
Home : DESKTOP-JTIKDJQ (4aa311d66aca05276f7c6bae62a5a66825ea3c8a)
Windows 10  (10.0.0) 64bit
12 AMD Ryzen 5 1600 Six-Core Processor , 16333MB
NVIDIA GeForce GTX 1660 Ti

2020-06-10, 06:25:56
Home : DESKTOP-JTIKDJQ (4aa311d66aca05276f7c6bae62a5a66825ea3c8a)
Windows 10  (10.0.0) 64bit
12 AMD Ryzen 5 1600 Six-Core Processor , 16333MB
NVIDIA GeForce GTX 1660 Ti

2020-06-10, 06:26:26
Home : DESKTOP-JTIKDJQ (4aa311d66aca05276f7c6bae62a5a66825ea3c8a)
Windows 10  (10.0.0) 64bit
12 AMD Ryzen 5 1600 Six-Core Processor , 16333MB
NVIDIA GeForce GTX 1660 Ti

2020-06-10, 06:26:57
Home : DESKTOP-JTIKDJQ (4aa311d66aca05276f7c6bae62a5a66825ea3c8a)
Windows 10  (10.0.0) 64bit
12 AMD Ryzen 5 1600 Six-Core Processor , 16333MB
NVIDIA GeForce GTX 1660 Ti

2020-06-10, 06:48:20
Home : DESKTOP-JTIKDJQ (4aa311d66aca05276f7c6bae62a5a66825ea3c8a)
Windows 10  (10.0.0) 64bit
12 AMD Ryzen 5 1600 Six-Core Processor , 16333MB
NVIDIA GeForce GTX 1660 Ti

2020-06-10, 06:49:04
Home : DESKTOP-JTIKDJQ (4aa311d66aca05276f7c6bae62a5a66825ea3c8a)
Windows 10  (10.0.0) 64bit
12 AMD Ryzen 5 1600 Six-Core Processor , 16333MB
NVIDIA GeForce GTX 1660 Ti

2020-06-11, 11:29:19
Home : DESKTOP-JTIKDJQ (4aa311d66aca05276f7c6bae62a5a66825ea3c8a)
Windows 10  (10.0.0) 64bit
12 AMD Ryzen 5 1600 Six-Core Processor , 16333MB
NVIDIA GeForce GTX 1660 Ti

2020-06-11, 11:35:20
Home : DESKTOP-JTIKDJQ (4aa311d66aca05276f7c6bae62a5a66825ea3c8a)
Windows 10  (10.0.0) 64bit
12 AMD Ryzen 5 1600 Six-Core Processor , 16333MB
NVIDIA GeForce GTX 1660 Ti

2020-06-11, 11:36:49
Home : DESKTOP-JTIKDJQ (4aa311d66aca05276f7c6bae62a5a66825ea3c8a)
Windows 10  (10.0.0) 64bit
12 AMD Ryzen 5 1600 Six-Core Processor , 16333MB
NVIDIA GeForce GTX 1660 Ti

2020-06-11, 11:42:00
Home : DESKTOP-JTIKDJQ (4aa311d66aca05276f7c6bae62a5a66825ea3c8a)
Windows 10  (10.0.0) 64bit
12 AMD Ryzen 5 1600 Six-Core Processor , 16333MB
NVIDIA GeForce GTX 1660 Ti

2020-06-11, 11:42:11
Home : DESKTOP-JTIKDJQ (4aa311d66aca05276f7c6bae62a5a66825ea3c8a)
Windows 10  (10.0.0) 64bit
12 AMD Ryzen 5 1600 Six-Core Processor , 16333MB
NVIDIA GeForce GTX 1660 Ti

2020-06-11, 11:43:25
Home : DESKTOP-JTIKDJQ (4aa311d66aca05276f7c6bae62a5a66825ea3c8a)
Windows 10  (10.0.0) 64bit
12 AMD Ryzen 5 1600 Six-Core Processor , 16333MB
NVIDIA GeForce GTX 1660 Ti

2020-06-11, 11:44:01
Home : DESKTOP-JTIKDJQ (4aa311d66aca05276f7c6bae62a5a66825ea3c8a)
Windows 10  (10.0.0) 64bit
12 AMD Ryzen 5 1600 Six-Core Processor , 16333MB
NVIDIA GeForce GTX 1660 Ti

2020-06-11, 11:44:48
Home : DESKTOP-JTIKDJQ (4aa311d66aca05276f7c6bae62a5a66825ea3c8a)
Windows 10  (10.0.0) 64bit
12 AMD Ryzen 5 1600 Six-Core Processor , 16333MB
NVIDIA GeForce GTX 1660 Ti

2020-06-11, 12:20:14
Home : DESKTOP-JTIKDJQ (4aa311d66aca05276f7c6bae62a5a66825ea3c8a)
Windows 10  (10.0.0) 64bit
12 AMD Ryzen 5 1600 Six-Core Processor , 16333MB
NVIDIA GeForce GTX 1660 Ti

2020-06-11, 01:17:41
Home : DESKTOP-JTIKDJQ (4aa311d66aca05276f7c6bae62a5a66825ea3c8a)
Windows 10  (10.0.0) 64bit
12 AMD Ryzen 5 1600 Six-Core Processor , 16333MB
NVIDIA GeForce GTX 1660 Ti

2020-06-11, 01:18:34
Home : DESKTOP-JTIKDJQ (4aa311d66aca05276f7c6bae62a5a66825ea3c8a)
Windows 10  (10.0.0) 64bit
12 AMD Ryzen 5 1600 Six-Core Processor , 16333MB
NVIDIA GeForce GTX 1660 Ti

2020-06-11, 01:19:41
Home : DESKTOP-JTIKDJQ (4aa311d66aca05276f7c6bae62a5a66825ea3c8a)
Windows 10  (10.0.0) 64bit
12 AMD Ryzen 5 1600 Six-Core Processor , 16333MB
NVIDIA GeForce GTX 1660 Ti

2020-06-11, 05:51:37
Home : DESKTOP-JTIKDJQ (4aa311d66aca05276f7c6bae62a5a66825ea3c8a)
Windows 10  (10.0.0) 64bit
12 AMD Ryzen 5 1600 Six-Core Processor , 16333MB
NVIDIA GeForce GTX 1660 Ti

2020-06-11, 05:52:32
Home : DESKTOP-JTIKDJQ (4aa311d66aca05276f7c6bae62a5a66825ea3c8a)
Windows 10  (10.0.0) 64bit
12 AMD Ryzen 5 1600 Six-Core Processor , 16333MB
NVIDIA GeForce GTX 1660 Ti

